ERC report (2025-12-09T16:54:48+0800, Encoding UTF8)

***** Sheet /
[lib_symbol_issues]: The current configuration does not include the symbol library 'Power'
    ; warning
    @(71.12 mm, 139.70 mm): Symbol #PWR2 [PWR_FLAG]
[lib_symbol_issues]: The current configuration does not include the symbol library 'Power'
    ; warning
    @(104.14 mm, 127.00 mm): Symbol #PWR5 [PWR_FLAG]
[lib_symbol_issues]: The current configuration does not include the symbol library 'Power'
    ; warning
    @(152.40 mm, 81.28 mm): Symbol #PWR1 [PWR_FLAG]
[footprint_link_issues]: Footprint 'SC-70-6_1.6x1.5mm_P0.5mm' not found in library 'Package_TO_SOT_SMD'.
    ; warning
    @(97.79 mm, 152.40 mm): Symbol U3 [TPS61220DCK]
[lib_symbol_issues]: The current configuration does not include the symbol library 'Power'
    ; warning
    @(90.17 mm, 161.29 mm): Symbol #PWR6 [PWR_FLAG]
[lib_symbol_issues]: The current configuration does not include the symbol library 'Power'
    ; warning
    @(190.50 mm, 63.50 mm): Symbol #PWR3 [PWR_FLAG]
[lib_symbol_issues]: The current configuration does not include the symbol library 'Power'
    ; warning
    @(152.40 mm, 163.83 mm): Symbol #PWR4 [PWR_FLAG]

 ** ERC messages: 7  Errors 0  Warnings 7
